<?xml version="1.0" encoding="UTF-8"?>
<!-- Generated by org.testng.reporters.JUnitReportReporter -->
<testsuite hostname="LAPTOP-K3F382HB" failures="0" tests="4" name="Test_Cases.E_Commerce" time="59.584" errors="0" timestamp="2024-08-31T23:57:41 IST" skipped="0">
  <testcase classname="Test_Cases.E_Commerce" name="eCoomerceapp" time="17.149"/>
  <testcase classname="Test_Cases.E_Commerce" name="eCoomerceapp" time="19.824"/>
  <testcase classname="Test_Cases.E_Commerce" name="eCoomerceapp" time="18.433"/>
  <testcase classname="Test_Cases.E_Commerce" name="OrderPlaced" time="4.178"/>
</testsuite> <!-- Test_Cases.E_Commerce -->
