<?xml version="1.0" encoding="UTF-8"?>
<!-- Generated by org.testng.reporters.JUnitReportReporter -->
<testsuite hostname="LAPTOP-K3F382HB" failures="0" tests="1" name="cucumber.TestNGRunner_TestRunner" time="5.308" errors="0" timestamp="2024-09-15T12:19:27 IST" skipped="0">
  <testcase classname="cucumber.TestNGRunner_TestRunner" name="runScenario" time="5.308"/>
</testsuite> <!-- cucumber.TestNGRunner_TestRunner -->
