<?xml version="1.0" encoding="UTF-8"?>
<!-- Generated by org.testng.reporters.JUnitReportReporter -->
<testsuite hostname="LAPTOP-K3F382HB" failures="0" tests="1" name="Test_Cases.Error_Validation" time="4.764" errors="0" timestamp="2024-08-31T17:01:22 IST" skipped="0">
  <testcase classname="Test_Cases.Error_Validation" name="LoginValidtion" time="4.764"/>
</testsuite> <!-- Test_Cases.Error_Validation -->
