<?xml version="1.0" encoding="UTF-8"?>
<!-- Generated by org.testng.reporters.JUnitReportReporter -->
<testsuite hostname="LAPTOP-K3F382HB" failures="0" tests="1" name="cucumber.TestngTestRunner" time="6.206" errors="0" timestamp="2024-09-15T18:03:37 IST" skipped="0">
  <testcase classname="cucumber.TestngTestRunner" name="runScenario" time="6.206"/>
</testsuite> <!-- cucumber.TestngTestRunner -->
